2025-05-07 15:40:19,861 - __main__ - INFO - Loaded 2 known faces from database
2025-05-07 15:40:19,861 - __main__ - INFO - Face Recognition Server initialized with 2 known faces
2025-05-07 15:40:20,525 - __main__ - INFO - Image shape: (120, 160, 3), dtype: uint8
2025-05-07 15:40:20,525 - __main__ - INFO - Face locations: [(44, 106, 95, 55)]
2025-05-07 15:40:20,804 - __main__ - INFO - Recognized 1 faces in 0.28 seconds
2025-05-07 15:40:21,518 - __main__ - INFO - Image shape: (120, 160, 3), dtype: uint8
2025-05-07 15:40:21,518 - __main__ - INFO - Face locations: [(44, 106, 95, 55)]
2025-05-07 15:40:21,784 - __main__ - INFO - Recognized 1 faces in 0.28 seconds
2025-05-07 15:40:22,516 - __main__ - INFO - Image shape: (120, 160, 3), dtype: uint8
2025-05-07 15:40:22,516 - __main__ - INFO - Face locations: [(44, 106, 95, 55)]
2025-05-07 15:40:22,773 - __main__ - INFO - Recognized 1 faces in 0.27 seconds
2025-05-07 15:40:23,512 - __main__ - INFO - Image shape: (120, 160, 3), dtype: uint8
2025-05-07 15:40:23,513 - __main__ - INFO - Face locations: [(44, 106, 95, 55)]
2025-05-07 15:40:23,846 - __main__ - INFO - Recognized 1 faces in 0.35 seconds
2025-05-07 15:40:24,513 - __main__ - INFO - Image shape: (120, 160, 3), dtype: uint8
2025-05-07 15:40:24,513 - __main__ - INFO - Face locations: [(44, 106, 95, 55)]
2025-05-07 15:40:24,961 - __main__ - INFO - Recognized 1 faces in 0.46 seconds
2025-05-07 15:40:25,543 - __main__ - INFO - Image shape: (120, 160, 3), dtype: uint8
2025-05-07 15:40:25,543 - __main__ - INFO - Face locations: [(44, 106, 95, 55)]
2025-05-07 15:40:26,015 - __main__ - INFO - Recognized 1 faces in 0.51 seconds
2025-05-07 15:40:26,528 - __main__ - INFO - Image shape: (120, 160, 3), dtype: uint8
2025-05-07 15:40:26,528 - __main__ - INFO - Face locations: [(44, 106, 95, 55)]
2025-05-07 15:40:27,048 - __main__ - INFO - Recognized 1 faces in 0.55 seconds
2025-05-07 15:40:27,531 - __main__ - INFO - Image shape: (120, 160, 3), dtype: uint8
2025-05-07 15:40:27,531 - __main__ - INFO - Face locations: [(44, 106, 95, 55)]
2025-05-07 15:40:28,025 - __main__ - INFO - Recognized 1 faces in 0.52 seconds
2025-05-07 15:40:28,513 - __main__ - INFO - Image shape: (120, 160, 3), dtype: uint8
2025-05-07 15:40:28,513 - __main__ - INFO - Face locations: [(44, 106, 95, 55)]
2025-05-07 15:40:28,934 - __main__ - INFO - Recognized 1 faces in 0.44 seconds
2025-05-07 15:40:29,529 - __main__ - INFO - Image shape: (120, 160, 3), dtype: uint8
2025-05-07 15:40:29,530 - __main__ - INFO - Face locations: [(44, 106, 95, 55)]
2025-05-07 15:40:30,335 - __main__ - INFO - Recognized 1 faces in 0.83 seconds
2025-05-07 15:40:30,538 - __main__ - INFO - Image shape: (120, 160, 3), dtype: uint8
2025-05-07 15:40:30,539 - __main__ - INFO - Face locations: [(44, 106, 95, 55)]
2025-05-07 15:40:30,956 - __main__ - INFO - Recognized 1 faces in 0.45 seconds
2025-05-07 15:40:31,538 - __main__ - INFO - Image shape: (120, 160, 3), dtype: uint8
2025-05-07 15:40:31,538 - __main__ - INFO - Face locations: [(41, 103, 84, 59)]
2025-05-07 15:40:32,048 - __main__ - INFO - Recognized 1 faces in 0.55 seconds
2025-05-07 15:40:32,531 - __main__ - INFO - Image shape: (120, 160, 3), dtype: uint8
2025-05-07 15:40:32,531 - __main__ - INFO - Face locations: [(58, 93, 94, 57)]
2025-05-07 15:40:32,975 - __main__ - INFO - Recognized 1 faces in 0.48 seconds
2025-05-07 15:40:33,529 - __main__ - INFO - Image shape: (120, 160, 3), dtype: uint8
2025-05-07 15:40:33,529 - __main__ - INFO - Face locations: [(66, 93, 102, 57)]
2025-05-07 15:40:33,993 - __main__ - INFO - Recognized 1 faces in 0.49 seconds
2025-05-07 15:40:34,529 - __main__ - INFO - No faces detected in frame
2025-05-07 15:40:35,535 - __main__ - INFO - No faces detected in frame
2025-05-07 15:40:36,529 - __main__ - INFO - No faces detected in frame
2025-05-07 15:40:37,534 - __main__ - INFO - No faces detected in frame
2025-05-07 15:40:38,539 - __main__ - INFO - Image shape: (120, 160, 3), dtype: uint8
2025-05-07 15:40:38,539 - __main__ - INFO - Face locations: [(54, 93, 90, 57)]
2025-05-07 15:40:39,040 - __main__ - INFO - Recognized 1 faces in 0.54 seconds
2025-05-07 15:40:39,524 - __main__ - INFO - Image shape: (120, 160, 3), dtype: uint8
2025-05-07 15:40:39,526 - __main__ - INFO - Face locations: [(46, 98, 89, 55)]
2025-05-07 15:40:40,010 - __main__ - INFO - Recognized 1 faces in 0.51 seconds
2025-05-07 15:40:40,531 - __main__ - INFO - Image shape: (120, 160, 3), dtype: uint8
2025-05-07 15:40:40,531 - __main__ - INFO - Face locations: [(46, 93, 89, 50)]
2025-05-07 15:40:40,977 - __main__ - INFO - Recognized 1 faces in 0.48 seconds
2025-05-07 15:40:41,528 - __main__ - INFO - Image shape: (120, 160, 3), dtype: uint8
2025-05-07 15:40:41,529 - __main__ - INFO - Face locations: [(46, 93, 89, 50)]
2025-05-07 15:40:42,024 - __main__ - INFO - Recognized 1 faces in 0.52 seconds
2025-05-07 15:40:48,107 - __main__ - INFO - Loaded 2 known faces from database
2025-05-07 15:40:48,107 - __main__ - INFO - Face Recognition Server initialized with 2 known faces
2025-05-07 15:42:35,509 - __main__ - INFO - Loaded 2 known faces from database
2025-05-07 15:42:35,509 - __main__ - INFO - Face Recognition Server initialized with 2 known faces
2025-05-07 19:19:26,975 - __main__ - INFO - Loaded 3 known faces from database
2025-05-07 19:19:26,975 - __main__ - INFO - Face Recognition Server initialized with 3 known faces
2025-05-07 19:19:27,475 - __main__ - INFO - Image shape: (120, 160, 3), dtype: uint8
2025-05-07 19:19:27,475 - __main__ - INFO - Face locations: [(70, 93, 113, 50)]
2025-05-07 19:19:27,775 - __main__ - INFO - Recognized 1 faces in 0.31 seconds
2025-05-07 19:19:28,454 - __main__ - INFO - Image shape: (120, 160, 3), dtype: uint8
2025-05-07 19:19:28,454 - __main__ - INFO - Face locations: [(60, 93, 103, 50)]
2025-05-07 19:19:28,723 - __main__ - INFO - Recognized 1 faces in 0.28 seconds
2025-05-07 19:19:29,452 - __main__ - INFO - Image shape: (120, 160, 3), dtype: uint8
2025-05-07 19:19:29,452 - __main__ - INFO - Face locations: [(60, 98, 103, 55)]
2025-05-07 19:19:29,743 - __main__ - INFO - Recognized 1 faces in 0.30 seconds
2025-05-07 19:19:30,457 - __main__ - INFO - Image shape: (120, 160, 3), dtype: uint8
2025-05-07 19:19:30,457 - __main__ - INFO - Face locations: [(60, 98, 103, 55)]
2025-05-07 19:19:30,773 - __main__ - INFO - Recognized 1 faces in 0.33 seconds
2025-05-07 19:19:31,476 - __main__ - INFO - Image shape: (120, 160, 3), dtype: uint8
2025-05-07 19:19:31,476 - __main__ - INFO - Face locations: [(60, 98, 103, 55)]
2025-05-07 19:19:32,388 - __main__ - INFO - Recognized 1 faces in 0.94 seconds
2025-05-07 19:19:32,491 - __main__ - INFO - Image shape: (120, 160, 3), dtype: uint8
2025-05-07 19:19:32,491 - __main__ - INFO - Face locations: [(60, 98, 103, 55)]
2025-05-07 19:19:33,407 - __main__ - INFO - Recognized 1 faces in 0.95 seconds
2025-05-07 19:19:33,481 - __main__ - INFO - Image shape: (120, 160, 3), dtype: uint8
2025-05-07 19:19:33,481 - __main__ - INFO - Face locations: [(60, 93, 103, 50)]
2025-05-07 19:19:34,413 - __main__ - INFO - Recognized 1 faces in 0.97 seconds
2025-05-07 19:29:46,091 - __main__ - INFO - Loaded 4 known faces from database
2025-05-07 19:29:46,091 - __main__ - INFO - Face Recognition Server initialized with 4 known faces
2025-05-07 19:29:46,359 - __main__ - INFO - Image shape: (120, 160, 3), dtype: uint8
2025-05-07 19:29:46,359 - __main__ - INFO - Face locations: [(65, 98, 108, 55)]
2025-05-07 19:29:46,675 - __main__ - INFO - Recognized 1 faces in 0.33 seconds
2025-05-07 19:29:47,343 - __main__ - INFO - Image shape: (120, 160, 3), dtype: uint8
2025-05-07 19:29:47,343 - __main__ - INFO - Face locations: [(60, 98, 103, 55)]
2025-05-07 19:29:47,645 - __main__ - INFO - Recognized 1 faces in 0.31 seconds
2025-05-07 19:29:48,352 - __main__ - INFO - Image shape: (120, 160, 3), dtype: uint8
2025-05-07 19:29:48,352 - __main__ - INFO - Face locations: [(60, 98, 103, 55)]
2025-05-07 19:29:48,629 - __main__ - INFO - Recognized 1 faces in 0.29 seconds
2025-05-07 19:29:49,350 - __main__ - INFO - Image shape: (120, 160, 3), dtype: uint8
2025-05-07 19:29:49,350 - __main__ - INFO - Face locations: [(60, 98, 103, 55)]
2025-05-07 19:29:49,624 - __main__ - INFO - Recognized 1 faces in 0.29 seconds
2025-05-07 19:29:50,376 - __main__ - INFO - Image shape: (120, 160, 3), dtype: uint8
2025-05-07 19:29:50,376 - __main__ - INFO - Face locations: [(60, 98, 103, 55)]
2025-05-07 19:29:51,364 - __main__ - INFO - Recognized 1 faces in 1.03 seconds
2025-05-07 19:29:51,399 - __main__ - INFO - Image shape: (120, 160, 3), dtype: uint8
2025-05-07 19:29:51,399 - __main__ - INFO - Face locations: [(55, 98, 98, 55)]
2025-05-07 19:29:52,413 - __main__ - INFO - Recognized 1 faces in 1.05 seconds
2025-05-07 19:29:52,454 - __main__ - INFO - Image shape: (120, 160, 3), dtype: uint8
2025-05-07 19:29:52,454 - __main__ - INFO - Face locations: [(55, 98, 98, 55)]
2025-05-07 19:29:53,352 - __main__ - INFO - Recognized 1 faces in 0.93 seconds
2025-05-07 19:29:53,393 - __main__ - INFO - Image shape: (120, 160, 3), dtype: uint8
2025-05-07 19:29:53,393 - __main__ - INFO - Face locations: [(55, 98, 98, 55)]
2025-05-07 19:29:54,325 - __main__ - INFO - Recognized 1 faces in 0.96 seconds
2025-05-07 19:29:54,369 - __main__ - INFO - Image shape: (120, 160, 3), dtype: uint8
2025-05-07 19:29:54,369 - __main__ - INFO - Face locations: [(60, 98, 103, 55)]
2025-05-07 19:29:55,325 - __main__ - INFO - Recognized 1 faces in 0.99 seconds
2025-05-07 19:29:55,375 - __main__ - INFO - Image shape: (120, 160, 3), dtype: uint8
2025-05-07 19:29:55,375 - __main__ - INFO - Face locations: [(60, 98, 103, 55)]
2025-05-07 19:29:56,502 - __main__ - INFO - Recognized 1 faces in 1.16 seconds
2025-05-07 19:29:56,549 - __main__ - INFO - Image shape: (120, 160, 3), dtype: uint8
2025-05-07 19:29:56,549 - __main__ - INFO - Face locations: [(60, 98, 103, 55)]
2025-05-07 19:29:57,501 - __main__ - INFO - Recognized 1 faces in 0.99 seconds
2025-05-07 19:30:49,525 - __main__ - INFO - Loaded 4 known faces from database
2025-05-07 19:30:49,525 - __main__ - INFO - Face Recognition Server initialized with 4 known faces
2025-05-07 19:30:50,016 - __main__ - INFO - Image shape: (120, 160, 3), dtype: uint8
2025-05-07 19:30:50,016 - __main__ - INFO - Face locations: [(70, 93, 113, 50)]
2025-05-07 19:30:50,309 - __main__ - INFO - Recognized 1 faces in 0.30 seconds
2025-05-07 19:30:51,008 - __main__ - INFO - Image shape: (120, 160, 3), dtype: uint8
2025-05-07 19:30:51,008 - __main__ - INFO - Face locations: [(65, 93, 108, 50)]
2025-05-07 19:30:51,292 - __main__ - INFO - Recognized 1 faces in 0.30 seconds
2025-05-07 19:30:52,009 - __main__ - INFO - Image shape: (120, 160, 3), dtype: uint8
2025-05-07 19:30:52,009 - __main__ - INFO - Face locations: [(65, 93, 108, 50)]
2025-05-07 19:30:52,285 - __main__ - INFO - Recognized 1 faces in 0.29 seconds
2025-05-07 19:30:53,023 - __main__ - INFO - Image shape: (120, 160, 3), dtype: uint8
2025-05-07 19:30:53,024 - __main__ - INFO - Face locations: [(65, 93, 108, 50)]
2025-05-07 19:30:53,458 - __main__ - INFO - Recognized 1 faces in 0.45 seconds
2025-05-07 19:30:54,033 - __main__ - INFO - Image shape: (120, 160, 3), dtype: uint8
2025-05-07 19:30:54,033 - __main__ - INFO - Face locations: [(65, 93, 108, 50)]
2025-05-07 19:30:54,981 - __main__ - INFO - Recognized 1 faces in 0.97 seconds
2025-05-07 19:30:55,025 - __main__ - INFO - Image shape: (120, 160, 3), dtype: uint8
2025-05-07 19:30:55,025 - __main__ - INFO - Face locations: [(60, 93, 103, 50)]
2025-05-07 19:30:55,975 - __main__ - INFO - Recognized 1 faces in 0.98 seconds
2025-05-07 19:30:56,019 - __main__ - INFO - Image shape: (120, 160, 3), dtype: uint8
2025-05-07 19:30:56,019 - __main__ - INFO - Face locations: [(60, 93, 103, 50)]
2025-05-07 19:30:56,959 - __main__ - INFO - Recognized 1 faces in 0.97 seconds
2025-05-07 19:30:57,021 - __main__ - INFO - Image shape: (120, 160, 3), dtype: uint8
2025-05-07 19:30:57,021 - __main__ - INFO - Face locations: [(60, 93, 103, 50)]
2025-05-07 19:30:57,949 - __main__ - INFO - Recognized 1 faces in 0.96 seconds
2025-05-07 19:30:58,025 - __main__ - INFO - Image shape: (120, 160, 3), dtype: uint8
2025-05-07 19:30:58,025 - __main__ - INFO - Face locations: [(60, 93, 103, 50)]
2025-05-07 19:30:58,977 - __main__ - INFO - Recognized 1 faces in 0.98 seconds
2025-05-07 19:30:59,009 - __main__ - INFO - Image shape: (120, 160, 3), dtype: uint8
2025-05-07 19:30:59,009 - __main__ - INFO - Face locations: [(60, 93, 103, 50)]
2025-05-07 19:30:59,967 - __main__ - INFO - Recognized 1 faces in 0.99 seconds
2025-05-07 19:31:00,025 - __main__ - INFO - Image shape: (120, 160, 3), dtype: uint8
2025-05-07 19:31:00,025 - __main__ - INFO - Face locations: [(60, 93, 103, 50)]
2025-05-07 19:31:00,975 - __main__ - INFO - Recognized 1 faces in 0.98 seconds
2025-05-07 19:32:49,779 - __main__ - INFO - Loaded 4 known faces from database
2025-05-07 19:32:49,779 - __main__ - INFO - Face Recognition Server initialized with 4 known faces
2025-05-07 19:32:50,465 - __main__ - INFO - Image shape: (120, 160, 3), dtype: uint8
2025-05-07 19:32:50,465 - __main__ - INFO - Face locations: [(60, 98, 103, 55)]
2025-05-07 19:32:50,750 - __main__ - INFO - Recognized 1 faces in 0.29 seconds
2025-05-07 19:32:51,458 - __main__ - INFO - Image shape: (120, 160, 3), dtype: uint8
2025-05-07 19:32:51,458 - __main__ - INFO - Face locations: [(65, 98, 108, 55)]
2025-05-07 19:32:51,737 - __main__ - INFO - Recognized 1 faces in 0.29 seconds
2025-05-07 19:32:52,459 - __main__ - INFO - Image shape: (120, 160, 3), dtype: uint8
2025-05-07 19:32:52,459 - __main__ - INFO - Face locations: [(60, 98, 103, 55)]
2025-05-07 19:32:52,756 - __main__ - INFO - Recognized 1 faces in 0.31 seconds
2025-05-07 19:32:53,450 - __main__ - INFO - Image shape: (120, 160, 3), dtype: uint8
2025-05-07 19:32:53,450 - __main__ - INFO - Face locations: [(60, 98, 103, 55)]
2025-05-07 19:32:53,745 - __main__ - INFO - Recognized 1 faces in 0.30 seconds
2025-05-07 19:39:44,384 - __main__ - INFO - Loaded 4 known faces from database
2025-05-07 19:39:44,384 - __main__ - INFO - Face Recognition Server initialized with 4 known faces
2025-05-07 19:39:44,666 - __main__ - INFO - Image shape: (120, 160, 3), dtype: uint8
2025-05-07 19:39:44,666 - __main__ - INFO - Face locations: [(55, 98, 98, 55)]
2025-05-07 19:39:44,949 - __main__ - INFO - Recognized 1 faces in 0.29 seconds
2025-05-07 19:39:45,667 - __main__ - INFO - Image shape: (120, 160, 3), dtype: uint8
2025-05-07 19:39:45,667 - __main__ - INFO - Face locations: [(55, 98, 98, 55)]
2025-05-07 19:39:45,941 - __main__ - INFO - Recognized 1 faces in 0.29 seconds
2025-05-07 19:39:46,661 - __main__ - INFO - Image shape: (120, 160, 3), dtype: uint8
2025-05-07 19:39:46,661 - __main__ - INFO - Face locations: [(55, 98, 98, 55)]
2025-05-07 19:39:46,942 - __main__ - INFO - Recognized 1 faces in 0.30 seconds
2025-05-07 19:39:47,661 - __main__ - INFO - Image shape: (120, 160, 3), dtype: uint8
2025-05-07 19:39:47,661 - __main__ - INFO - Face locations: [(55, 93, 98, 50)]
2025-05-07 19:39:47,968 - __main__ - INFO - Recognized 1 faces in 0.33 seconds
2025-05-07 19:39:48,663 - __main__ - INFO - Image shape: (120, 160, 3), dtype: uint8
2025-05-07 19:39:48,673 - __main__ - INFO - Face locations: [(55, 93, 98, 50)]
2025-05-07 19:39:49,593 - __main__ - INFO - Recognized 1 faces in 0.96 seconds
2025-05-07 19:39:49,665 - __main__ - INFO - Image shape: (120, 160, 3), dtype: uint8
2025-05-07 19:39:49,665 - __main__ - INFO - Face locations: [(55, 93, 98, 50)]
2025-05-07 19:39:50,567 - __main__ - INFO - Recognized 1 faces in 0.93 seconds
2025-05-07 19:39:50,668 - __main__ - INFO - Image shape: (120, 160, 3), dtype: uint8
2025-05-07 19:39:50,668 - __main__ - INFO - Face locations: [(55, 98, 98, 55)]
2025-05-07 19:39:51,592 - __main__ - INFO - Recognized 1 faces in 0.96 seconds
2025-05-07 19:39:51,675 - __main__ - INFO - Image shape: (120, 160, 3), dtype: uint8
2025-05-07 19:39:51,675 - __main__ - INFO - Face locations: [(55, 98, 98, 55)]
2025-05-07 19:39:52,599 - __main__ - INFO - Recognized 1 faces in 0.95 seconds
2025-05-07 19:39:52,685 - __main__ - INFO - Image shape: (120, 160, 3), dtype: uint8
2025-05-07 19:39:52,685 - __main__ - INFO - Face locations: [(55, 98, 98, 55)]
2025-05-07 19:39:53,626 - __main__ - INFO - Recognized 1 faces in 0.97 seconds
2025-05-07 19:39:53,676 - __main__ - INFO - Image shape: (120, 160, 3), dtype: uint8
2025-05-07 19:39:53,676 - __main__ - INFO - Face locations: [(55, 98, 98, 55)]
2025-05-07 19:39:54,609 - __main__ - INFO - Recognized 1 faces in 0.96 seconds
2025-05-07 19:39:54,666 - __main__ - INFO - Image shape: (120, 160, 3), dtype: uint8
2025-05-07 19:39:54,666 - __main__ - INFO - Face locations: [(55, 98, 98, 55)]
2025-05-07 19:39:55,611 - __main__ - INFO - Recognized 1 faces in 0.98 seconds
2025-05-07 19:39:55,659 - __main__ - INFO - Image shape: (120, 160, 3), dtype: uint8
2025-05-07 19:39:55,659 - __main__ - INFO - Face locations: [(55, 98, 98, 55)]
2025-05-07 19:39:56,585 - __main__ - INFO - Recognized 1 faces in 0.95 seconds
2025-05-07 19:57:50,167 - __main__ - INFO - Loaded 4 known faces from database
2025-05-07 19:57:50,167 - __main__ - INFO - Face Recognition Server initialized with 4 known faces
2025-05-07 19:57:50,646 - __main__ - INFO - Image shape: (120, 160, 3), dtype: uint8
2025-05-07 19:57:50,648 - __main__ - INFO - Face locations: [(49, 101, 101, 49)]
2025-05-07 19:57:50,932 - __main__ - INFO - Recognized 1 faces in 0.30 seconds
2025-05-07 19:57:51,629 - __main__ - INFO - Image shape: (120, 160, 3), dtype: uint8
2025-05-07 19:57:51,629 - __main__ - INFO - Face locations: [(49, 101, 101, 49)]
2025-05-07 19:57:51,906 - __main__ - INFO - Recognized 1 faces in 0.29 seconds
2025-05-07 19:57:52,621 - __main__ - INFO - Image shape: (120, 160, 3), dtype: uint8
2025-05-07 19:57:52,621 - __main__ - INFO - Face locations: [(50, 98, 94, 55)]
2025-05-07 19:57:52,901 - __main__ - INFO - Recognized 1 faces in 0.29 seconds
2025-05-07 19:57:53,640 - __main__ - INFO - Image shape: (120, 160, 3), dtype: uint8
2025-05-07 19:57:53,640 - __main__ - INFO - Face locations: [(50, 98, 94, 55)]
2025-05-07 19:57:54,092 - __main__ - INFO - Recognized 1 faces in 0.46 seconds
2025-05-07 19:57:54,657 - __main__ - INFO - Image shape: (120, 160, 3), dtype: uint8
2025-05-07 19:57:54,657 - __main__ - INFO - Face locations: [(49, 101, 101, 49)]
2025-05-07 19:57:55,592 - __main__ - INFO - Recognized 1 faces in 0.97 seconds
2025-05-07 19:58:01,556 - __main__ - INFO - Image shape: (120, 160, 3), dtype: uint8
2025-05-07 19:58:01,556 - __main__ - INFO - Face locations: [(49, 101, 101, 49)]
2025-05-07 19:58:02,513 - __main__ - INFO - Recognized 1 faces in 0.99 seconds
2025-05-07 19:58:02,557 - __main__ - INFO - Image shape: (120, 160, 3), dtype: uint8
2025-05-07 19:58:02,557 - __main__ - INFO - Face locations: [(49, 101, 101, 49)]
2025-05-07 19:58:03,481 - __main__ - INFO - Recognized 1 faces in 0.96 seconds
2025-05-07 19:58:03,542 - __main__ - INFO - Image shape: (120, 160, 3), dtype: uint8
2025-05-07 19:58:03,542 - __main__ - INFO - Face locations: [(49, 101, 101, 49)]
2025-05-07 19:58:04,457 - __main__ - INFO - Recognized 1 faces in 0.95 seconds
2025-05-07 19:58:04,548 - __main__ - INFO - Image shape: (120, 160, 3), dtype: uint8
2025-05-07 19:58:04,548 - __main__ - INFO - Face locations: [(49, 101, 101, 49)]
2025-05-07 19:58:05,471 - __main__ - INFO - Recognized 1 faces in 0.96 seconds
2025-05-07 20:09:53,745 - __main__ - INFO - Loaded 4 known faces from database
2025-05-07 20:09:53,745 - __main__ - INFO - Face Recognition Server initialized with 4 known faces
2025-05-07 20:09:54,050 - __main__ - INFO - Image shape: (120, 160, 3), dtype: uint8
2025-05-07 20:09:54,050 - __main__ - INFO - Face locations: [(44, 95, 95, 43)]
2025-05-07 20:09:54,332 - __main__ - INFO - Recognized 1 faces in 0.30 seconds
2025-05-07 20:09:55,038 - __main__ - INFO - Image shape: (120, 160, 3), dtype: uint8
2025-05-07 20:09:55,038 - __main__ - INFO - Face locations: [(44, 95, 95, 43)]
2025-05-07 20:09:55,310 - __main__ - INFO - Recognized 1 faces in 0.29 seconds
2025-05-07 20:09:56,044 - __main__ - INFO - Image shape: (120, 160, 3), dtype: uint8
2025-05-07 20:09:56,044 - __main__ - INFO - Face locations: [(44, 95, 95, 43)]
2025-05-07 20:09:56,316 - __main__ - INFO - Recognized 1 faces in 0.29 seconds
2025-05-07 20:09:57,049 - __main__ - INFO - Image shape: (120, 160, 3), dtype: uint8
2025-05-07 20:09:57,049 - __main__ - INFO - Face locations: [(44, 101, 95, 49)]
2025-05-07 20:09:57,318 - __main__ - INFO - Recognized 1 faces in 0.28 seconds
2025-05-07 20:09:58,040 - __main__ - INFO - Image shape: (120, 160, 3), dtype: uint8
2025-05-07 20:09:58,040 - __main__ - INFO - Face locations: [(46, 93, 89, 50)]
2025-05-07 20:09:58,325 - __main__ - INFO - Recognized 1 faces in 0.30 seconds
2025-05-07 20:09:59,024 - __main__ - INFO - Image shape: (120, 160, 3), dtype: uint8
2025-05-07 20:09:59,024 - __main__ - INFO - Face locations: [(46, 93, 89, 50)]
2025-05-07 20:09:59,324 - __main__ - INFO - Recognized 1 faces in 0.31 seconds
2025-05-07 20:10:00,026 - __main__ - INFO - Image shape: (120, 160, 3), dtype: uint8
2025-05-07 20:10:00,026 - __main__ - INFO - Face locations: [(46, 93, 89, 50)]
2025-05-07 20:10:00,317 - __main__ - INFO - Recognized 1 faces in 0.30 seconds
2025-05-07 20:10:01,057 - __main__ - INFO - Image shape: (120, 160, 3), dtype: uint8
2025-05-07 20:10:01,057 - __main__ - INFO - Face locations: [(44, 101, 95, 49)]
2025-05-07 20:10:01,972 - __main__ - INFO - Recognized 1 faces in 0.95 seconds
2025-05-07 20:10:02,073 - __main__ - INFO - Image shape: (120, 160, 3), dtype: uint8
2025-05-07 20:10:02,073 - __main__ - INFO - Face locations: [(46, 93, 89, 50)]
2025-05-07 20:10:03,176 - __main__ - INFO - Recognized 1 faces in 1.16 seconds
2025-05-07 20:10:03,216 - __main__ - INFO - Image shape: (120, 160, 3), dtype: uint8
2025-05-07 20:10:03,216 - __main__ - INFO - Face locations: [(46, 93, 89, 50)]
2025-05-07 20:10:04,158 - __main__ - INFO - Recognized 1 faces in 0.97 seconds
2025-05-07 20:10:04,200 - __main__ - INFO - Image shape: (120, 160, 3), dtype: uint8
2025-05-07 20:10:04,200 - __main__ - INFO - Face locations: [(46, 93, 89, 50)]
2025-05-07 20:10:05,133 - __main__ - INFO - Recognized 1 faces in 0.96 seconds
2025-05-07 20:10:05,173 - __main__ - INFO - Image shape: (120, 160, 3), dtype: uint8
2025-05-07 20:10:05,173 - __main__ - INFO - Face locations: [(46, 93, 89, 50)]
2025-05-07 20:10:06,110 - __main__ - INFO - Recognized 1 faces in 0.97 seconds
2025-05-07 21:42:38,673 - __main__ - INFO - Loaded 4 known faces from database
2025-05-07 21:42:38,673 - __main__ - INFO - Face Recognition Server initialized with 4 known faces
2025-05-07 21:42:38,992 - __main__ - INFO - Image shape: (120, 160, 3), dtype: uint8
2025-05-07 21:42:38,992 - __main__ - INFO - Face locations: [(55, 93, 98, 50)]
2025-05-07 21:42:39,278 - __main__ - INFO - Recognized 1 faces in 0.29 seconds
2025-05-07 21:42:39,980 - __main__ - INFO - Image shape: (120, 160, 3), dtype: uint8
2025-05-07 21:42:39,980 - __main__ - INFO - Face locations: [(55, 93, 98, 50)]
2025-05-07 21:42:40,283 - __main__ - INFO - Recognized 1 faces in 0.32 seconds
2025-05-07 21:42:40,985 - __main__ - INFO - Image shape: (120, 160, 3), dtype: uint8
2025-05-07 21:42:40,987 - __main__ - INFO - Face locations: [(55, 93, 98, 50)]
2025-05-07 21:42:41,259 - __main__ - INFO - Recognized 1 faces in 0.28 seconds
2025-05-07 21:42:41,978 - __main__ - INFO - Image shape: (120, 160, 3), dtype: uint8
2025-05-07 21:42:41,978 - __main__ - INFO - Face locations: [(55, 98, 98, 55)]
2025-05-07 21:42:42,246 - __main__ - INFO - Recognized 1 faces in 0.28 seconds
2025-05-07 21:42:42,992 - __main__ - INFO - Image shape: (120, 160, 3), dtype: uint8
2025-05-07 21:42:42,992 - __main__ - INFO - Face locations: [(55, 98, 98, 55)]
2025-05-07 21:42:43,912 - __main__ - INFO - Recognized 1 faces in 0.95 seconds
2025-05-07 21:42:44,010 - __main__ - INFO - Image shape: (120, 160, 3), dtype: uint8
2025-05-07 21:42:44,010 - __main__ - INFO - Face locations: [(55, 98, 98, 55)]
2025-05-07 21:42:44,935 - __main__ - INFO - Recognized 1 faces in 0.96 seconds
2025-05-07 21:42:44,999 - __main__ - INFO - Image shape: (120, 160, 3), dtype: uint8
2025-05-07 21:42:44,999 - __main__ - INFO - Face locations: [(55, 93, 98, 50)]
2025-05-07 21:42:45,924 - __main__ - INFO - Recognized 1 faces in 0.96 seconds
2025-05-07 21:42:45,998 - __main__ - INFO - Image shape: (120, 160, 3), dtype: uint8
2025-05-07 21:42:45,998 - __main__ - INFO - Face locations: [(55, 93, 98, 50)]
2025-05-07 21:42:46,934 - __main__ - INFO - Recognized 1 faces in 0.97 seconds
2025-05-08 09:43:04,304 - __main__ - INFO - Loaded 5 known faces from database
2025-05-08 09:43:04,304 - __main__ - INFO - Face Recognition Server initialized with 5 known faces
2025-05-08 09:43:05,013 - __main__ - INFO - Image shape: (120, 160, 3), dtype: uint8
2025-05-08 09:43:05,013 - __main__ - INFO - Face locations: [(55, 98, 98, 55)]
2025-05-08 09:43:05,313 - __main__ - INFO - Recognized 1 faces in 0.32 seconds
2025-05-08 09:43:05,954 - __main__ - INFO - Image shape: (120, 160, 3), dtype: uint8
2025-05-08 09:43:05,954 - __main__ - INFO - Face locations: [(55, 98, 98, 55)]
2025-05-08 09:43:06,229 - __main__ - INFO - Recognized 1 faces in 0.28 seconds
2025-05-08 09:43:06,971 - __main__ - INFO - Image shape: (120, 160, 3), dtype: uint8
2025-05-08 09:43:06,971 - __main__ - INFO - Face locations: [(55, 98, 98, 55)]
2025-05-08 09:43:07,286 - __main__ - INFO - Recognized 1 faces in 0.33 seconds
2025-05-08 09:43:07,964 - __main__ - INFO - Image shape: (120, 160, 3), dtype: uint8
2025-05-08 09:43:07,964 - __main__ - INFO - Face locations: [(55, 98, 98, 55)]
2025-05-08 09:43:08,921 - __main__ - INFO - Recognized 1 faces in 0.99 seconds
2025-05-08 09:43:08,969 - __main__ - INFO - Image shape: (120, 160, 3), dtype: uint8
2025-05-08 09:43:08,969 - __main__ - INFO - Face locations: [(60, 98, 103, 55)]
2025-05-08 09:43:09,897 - __main__ - INFO - Recognized 1 faces in 0.96 seconds
2025-05-08 09:53:20,615 - __main__ - INFO - Loaded 6 known faces from database
2025-05-08 09:53:20,615 - __main__ - INFO - Face Recognition Server initialized with 6 known faces
2025-05-08 09:53:20,949 - __main__ - INFO - No faces detected in frame
2025-05-08 09:53:21,947 - __main__ - INFO - Image shape: (120, 160, 3), dtype: uint8
2025-05-08 09:53:21,947 - __main__ - INFO - Face locations: [(55, 98, 98, 55)]
2025-05-08 09:53:22,226 - __main__ - INFO - Recognized 1 faces in 0.30 seconds
2025-05-08 09:53:22,954 - __main__ - INFO - Image shape: (120, 160, 3), dtype: uint8
2025-05-08 09:53:22,954 - __main__ - INFO - Face locations: [(55, 98, 98, 55)]
2025-05-08 09:53:23,239 - __main__ - INFO - Recognized 1 faces in 0.29 seconds
2025-05-08 09:53:23,933 - __main__ - INFO - No faces detected in frame
2025-05-08 09:53:29,578 - __main__ - INFO - Image shape: (120, 160, 3), dtype: uint8
2025-05-08 09:53:29,578 - __main__ - INFO - Face locations: [(55, 98, 98, 55)]
2025-05-08 09:53:30,506 - __main__ - INFO - Recognized 1 faces in 0.96 seconds
2025-05-08 09:53:30,569 - __main__ - INFO - Image shape: (120, 160, 3), dtype: uint8
2025-05-08 09:53:30,576 - __main__ - INFO - Face locations: [(55, 98, 98, 55)]
2025-05-08 09:53:31,513 - __main__ - INFO - Recognized 1 faces in 0.97 seconds
2025-05-08 09:53:31,568 - __main__ - INFO - Image shape: (120, 160, 3), dtype: uint8
2025-05-08 09:53:31,568 - __main__ - INFO - Face locations: [(55, 98, 98, 55)]
2025-05-08 09:53:32,490 - __main__ - INFO - Recognized 1 faces in 0.95 seconds
2025-05-08 09:53:32,574 - __main__ - INFO - Image shape: (120, 160, 3), dtype: uint8
2025-05-08 09:53:32,574 - __main__ - INFO - Face locations: [(55, 98, 98, 55)]
2025-05-08 09:53:33,496 - __main__ - INFO - Recognized 1 faces in 0.95 seconds
2025-05-08 09:53:33,580 - __main__ - INFO - Image shape: (120, 160, 3), dtype: uint8
2025-05-08 09:53:33,580 - __main__ - INFO - Face locations: [(55, 98, 98, 55)]
2025-05-08 09:53:34,498 - __main__ - INFO - Recognized 1 faces in 0.96 seconds
2025-05-08 09:53:34,573 - __main__ - INFO - Image shape: (120, 160, 3), dtype: uint8
2025-05-08 09:53:34,573 - __main__ - INFO - Face locations: [(55, 98, 98, 55)]
2025-05-08 09:53:35,491 - __main__ - INFO - Recognized 1 faces in 0.96 seconds
2025-05-08 10:37:08,941 - __main__ - INFO - Loaded 7 known faces from database
2025-05-08 10:37:08,941 - __main__ - INFO - Face Recognition Server initialized with 7 known faces
2025-05-08 10:37:09,401 - __main__ - INFO - No faces detected in frame
2025-05-08 10:37:10,408 - __main__ - INFO - Image shape: (120, 160, 3), dtype: uint8
2025-05-08 10:37:10,408 - __main__ - INFO - Face locations: [(55, 93, 98, 50)]
2025-05-08 10:37:10,690 - __main__ - INFO - Recognized 1 faces in 0.29 seconds
2025-05-08 10:37:11,407 - __main__ - INFO - No faces detected in frame
2025-05-08 10:37:12,411 - __main__ - INFO - Image shape: (120, 160, 3), dtype: uint8
2025-05-08 10:37:12,411 - __main__ - INFO - Face locations: [(55, 95, 107, 43)]
2025-05-08 10:37:12,701 - __main__ - INFO - Recognized 1 faces in 0.30 seconds
2025-05-08 10:37:13,384 - __main__ - INFO - Image shape: (120, 160, 3), dtype: uint8
2025-05-08 10:37:13,384 - __main__ - INFO - Face locations: [(55, 95, 107, 43)]
2025-05-08 10:37:13,686 - __main__ - INFO - Recognized 1 faces in 0.31 seconds
2025-05-08 11:20:11,581 - __main__ - INFO - Loaded 2 known faces from database
2025-05-08 11:20:11,582 - __main__ - INFO - Face Recognition Server initialized with 2 known faces
2025-05-08 11:20:11,877 - __main__ - INFO - Image shape: (120, 160, 3), dtype: uint8
2025-05-08 11:20:11,877 - __main__ - INFO - Face locations: [(49, 101, 101, 49)]
2025-05-08 11:20:12,165 - __main__ - INFO - Recognized 1 faces in 0.30 seconds
2025-05-08 11:20:12,852 - __main__ - INFO - Image shape: (120, 160, 3), dtype: uint8
2025-05-08 11:20:12,852 - __main__ - INFO - Face locations: [(49, 101, 101, 49)]
2025-05-08 11:20:13,141 - __main__ - INFO - Recognized 1 faces in 0.30 seconds
2025-05-08 11:20:13,862 - __main__ - INFO - Image shape: (120, 160, 3), dtype: uint8
2025-05-08 11:20:13,862 - __main__ - INFO - Face locations: [(49, 101, 101, 49)]
2025-05-08 11:20:14,146 - __main__ - INFO - Recognized 1 faces in 0.29 seconds
2025-05-08 11:20:14,852 - __main__ - INFO - Image shape: (120, 160, 3), dtype: uint8
2025-05-08 11:20:14,852 - __main__ - INFO - Face locations: [(49, 101, 101, 49)]
2025-05-08 11:20:15,136 - __main__ - INFO - Recognized 1 faces in 0.29 seconds
2025-05-08 11:20:15,893 - __main__ - INFO - Image shape: (120, 160, 3), dtype: uint8
2025-05-08 11:20:15,893 - __main__ - INFO - Face locations: [(50, 98, 94, 55)]
2025-05-08 11:20:16,748 - __main__ - INFO - Recognized 1 faces in 0.89 seconds
2025-05-08 11:20:16,903 - __main__ - INFO - Image shape: (120, 160, 3), dtype: uint8
2025-05-08 11:20:16,904 - __main__ - INFO - Face locations: [(50, 98, 94, 55)]
2025-05-08 11:20:17,783 - __main__ - INFO - Recognized 1 faces in 0.93 seconds
2025-05-08 11:20:17,884 - __main__ - INFO - Image shape: (120, 160, 3), dtype: uint8
2025-05-08 11:20:17,884 - __main__ - INFO - Face locations: [(50, 98, 94, 55)]
2025-05-08 11:20:18,750 - __main__ - INFO - Recognized 1 faces in 0.90 seconds
2025-05-08 11:20:18,880 - __main__ - INFO - Image shape: (120, 160, 3), dtype: uint8
2025-05-08 11:20:18,881 - __main__ - INFO - Face locations: [(50, 98, 94, 55)]
2025-05-08 11:20:19,752 - __main__ - INFO - Recognized 1 faces in 0.90 seconds
2025-05-08 11:20:19,888 - __main__ - INFO - Image shape: (120, 160, 3), dtype: uint8
2025-05-08 11:20:19,888 - __main__ - INFO - Face locations: [(49, 101, 101, 49)]
2025-05-08 11:20:20,763 - __main__ - INFO - Recognized 1 faces in 0.91 seconds
2025-05-08 11:20:20,879 - __main__ - INFO - Image shape: (120, 160, 3), dtype: uint8
2025-05-08 11:20:20,879 - __main__ - INFO - Face locations: [(49, 101, 101, 49)]
2025-05-08 11:20:21,751 - __main__ - INFO - Recognized 1 faces in 0.91 seconds
2025-05-08 11:20:21,890 - __main__ - INFO - Image shape: (120, 160, 3), dtype: uint8
2025-05-08 11:20:21,891 - __main__ - INFO - Face locations: [(49, 101, 101, 49)]
2025-05-08 11:20:22,789 - __main__ - INFO - Recognized 1 faces in 0.94 seconds
2025-05-08 11:20:22,867 - __main__ - INFO - Image shape: (120, 160, 3), dtype: uint8
2025-05-08 11:20:22,868 - __main__ - INFO - Face locations: [(49, 101, 101, 49)]
2025-05-08 11:20:23,705 - __main__ - INFO - Recognized 1 faces in 0.86 seconds
2025-05-08 11:20:39,028 - __main__ - INFO - Image shape: (120, 160, 3), dtype: uint8
2025-05-08 11:20:39,028 - __main__ - INFO - Face locations: [(55, 122, 98, 79), (50, 50, 94, 7)]
2025-05-08 11:20:40,707 - __main__ - INFO - Recognized 2 faces in 1.71 seconds
2025-05-08 11:20:41,020 - __main__ - INFO - Image shape: (120, 160, 3), dtype: uint8
2025-05-08 11:20:41,020 - __main__ - INFO - Face locations: [(55, 117, 98, 74), (50, 50, 94, 7)]
2025-05-08 11:20:42,669 - __main__ - INFO - Recognized 2 faces in 1.67 seconds
2025-05-08 11:20:43,032 - __main__ - INFO - Image shape: (120, 160, 3), dtype: uint8
2025-05-08 11:20:43,032 - __main__ - INFO - Face locations: [(55, 117, 98, 74), (55, 50, 98, 7)]
2025-05-08 11:20:44,741 - __main__ - INFO - Recognized 2 faces in 1.74 seconds
